<?xml version="1.0" encoding="UTF-8"?>
<!-- Generated by org.testng.reporters.JUnitReportReporter -->
<testsuite hostname="DESKTOP-8AND331" failures="0" tests="1" name="com.automation.tests.ListUserTest" time="3.621" errors="0" timestamp="2021-03-30T10:55:49 EDT" skipped="0">
  <testcase classname="com.automation.tests.ListUserTest" name="listUserTest" time="3.621"/>
  <system-out/>
</testsuite> <!-- com.automation.tests.ListUserTest -->
